2026-02-02 12:11:42 [main] INFO  Log - Running flight page
2026-02-02 14:33:47 [main] INFO  Log - city switched
2026-02-02 14:33:52 [main] INFO  Log - city switched
2026-02-03 13:29:26 [main] INFO  Log - Validated default traveller count.
2026-02-03 13:33:37 [main] INFO  Log - Validated default traveller count.
2026-02-03 13:37:20 [main] INFO  Log - Validated default traveller count.
2026-02-03 13:38:42 [main] INFO  Log - Validated default traveller count.
2026-02-03 13:40:16 [main] INFO  Log - Validated default traveller count.
2026-02-03 15:04:32 [main] INFO  Log - Round trip flow executed successfully with From: New Delhi and To: Mumbai
2026-02-03 15:07:51 [main] INFO  Log - Validated default traveller count.
2026-02-03 15:09:32 [main] INFO  Log - Validated default traveller count.
2026-02-03 15:11:37 [main] INFO  Log - Validated default traveller count.
2026-02-03 15:11:51 [main] INFO  Log - Validated default traveller count.
2026-02-03 15:12:28 [main] INFO  Log - Round trip flow executed successfully with From: New Delhi and To: Mumbai
2026-02-03 15:13:46 [main] INFO  Log - Validated default traveller count.
2026-02-03 15:14:08 [main] INFO  Log - Round trip flow executed successfully with From: New Delhi and To: Mumbai
2026-02-03 15:22:15 [main] INFO  Log - Validated default traveller count.
2026-02-03 15:22:40 [main] INFO  Log - Round trip flow executed successfully with From: New Delhi and To: Mumbai
2026-02-03 17:18:42 [main] INFO  Log - Validated default traveller count.
2026-02-03 17:20:00 [main] INFO  Log - Validated default traveller count.
2026-02-03 17:21:19 [main] INFO  Log - Validated default traveller count.
2026-02-03 17:21:41 [main] INFO  Log - Round trip flow executed successfully with From: New Delhi and To: Mumbai
2026-02-04 10:26:54 [main] INFO  Log - Validated default traveller count.
2026-02-04 10:27:20 [main] INFO  Log - Round trip flow executed successfully with From: New Delhi and To: Mumbai
2026-02-04 10:34:09 [main] INFO  Log - Validated default traveller count.
2026-02-04 10:34:32 [main] INFO  Log - Round trip flow executed successfully with From: New Delhi and To: Mumbai
2026-02-04 10:40:46 [main] INFO  Log - Validated default traveller count.
2026-02-04 10:41:07 [main] INFO  Log - Round trip flow executed successfully with From: New Delhi and To: Mumbai
2026-02-04 11:55:18 [main] INFO  Log - Test is passed to check whether the checkIn date and checkOut date is not same
2026-02-04 11:56:28 [main] INFO  Log - Validated default traveller count.
2026-02-04 12:13:37 [main] INFO  Log - Validated default traveller count.
2026-02-04 12:14:00 [main] INFO  Log - Round trip flow executed successfully with From: New Delhi and To: Mumbai
2026-02-04 12:17:36 [main] INFO  Log - Test is passed to check whether the adult count is more than 1
2026-02-04 12:17:39 [main] INFO  Log - Test is passed to check whether the hotel navigation button is not failed to click
2026-02-04 12:17:46 [main] INFO  Log - Check whether the max adult count is not zero by default
2026-02-04 12:17:50 [main] INFO  Log - Test is passed to check whether the checkIn date and checkOut date is not same
2026-02-04 12:27:45 [main] INFO  Log - Validated default traveller count.
2026-02-04 12:28:02 [main] INFO  Log - Round trip flow executed successfully with From: New Delhi and To: Mumbai
2026-02-04 12:30:43 [main] INFO  Log - Test is passed to check whether the adult count is more than 1
2026-02-04 12:30:47 [main] INFO  Log - Test is passed to check whether the hotel navigation button is not failed to click
2026-02-04 12:30:55 [main] INFO  Log - Check whether the max adult count is not zero by default
2026-02-04 12:30:59 [main] INFO  Log - Test is passed to check whether the checkIn date and checkOut date is not same
2026-02-04 12:33:02 [main] INFO  Log - Validated default traveller count.
2026-02-04 12:33:25 [main] INFO  Log - Round trip flow executed successfully with From: New Delhi and To: Mumbai
2026-02-04 12:35:53 [main] INFO  Log - Test is passed to check whether the adult count is more than 1
2026-02-04 12:35:57 [main] INFO  Log - Test is passed to check whether the hotel navigation button is not failed to click
2026-02-04 12:36:06 [main] INFO  Log - Check whether the max adult count is not zero by default
2026-02-04 12:36:11 [main] INFO  Log - Test is passed to check whether the checkIn date and checkOut date is not same
